<?xml version="1.0" encoding="UTF-8"?>
<!-- Generated by org.testng.reporters.JUnitReportReporter -->
<testsuite hostname="LAPTOP-CTRLAISOFTWARE" name="pkg_mavenTestNg.UipathRegistrationTestNGTest" tests="1" failures="0" timestamp="16 Apr 2022 03:12:56 GMT" time="31.957" errors="0">
  <testcase name="uipathRegistration" time="31.957" classname="pkg_mavenTestNg.UipathRegistrationTestNGTest"/>
</testsuite> <!-- pkg_mavenTestNg.UipathRegistrationTestNGTest -->
