<?xml version="1.0" encoding="UTF-8"?>
<!-- Generated by org.testng.reporters.JUnitReportReporter -->
<testsuite skipped="0" hostname="LAPTOP-CTRLAISOFTWARE" name="pkg_mavenTestNg.sampleRegistration" tests="7" failures="0" timestamp="2022-09-19T11:09:42 IST" time="4.119" errors="0">
  <testcase name="Login" time="1.944" classname="pkg_mavenTestNg.sampleRegistration"/>
  <system-out/>
  <testcase name="personal_address" time="0.276" classname="pkg_mavenTestNg.sampleRegistration"/>
  <system-out/>
  <testcase name="genderDetails" time="0.131" classname="pkg_mavenTestNg.sampleRegistration"/>
  <system-out/>
  <testcase name="select_city" time="0.229" classname="pkg_mavenTestNg.sampleRegistration"/>
  <system-out/>
  <testcase name="select_course" time="0.203" classname="pkg_mavenTestNg.sampleRegistration"/>
  <system-out/>
  <testcase name="select_district" time="0.203" classname="pkg_mavenTestNg.sampleRegistration"/>
  <system-out/>
  <testcase name="Addressdetails" time="1.133" classname="pkg_mavenTestNg.sampleRegistration"/>
  <system-out/>
</testsuite> <!-- pkg_mavenTestNg.sampleRegistration -->
