<?xml version="1.0" encoding="UTF-8"?>
<!-- Generated by org.testng.reporters.JUnitReportReporter -->
<testsuite skipped="0" hostname="LAPTOP-CTRLAISOFTWARE" name="pkg_mavenTestNg.SaucelabsAutomationTestNGTest" tests="7" failures="0" timestamp="2022-09-19T11:09:42 IST" time="4.584" errors="0">
  <testcase name="Login" time="2.247" classname="pkg_mavenTestNg.SaucelabsAutomationTestNGTest"/>
  <system-out/>
  <testcase name="personal_address" time="0.304" classname="pkg_mavenTestNg.SaucelabsAutomationTestNGTest"/>
  <system-out/>
  <testcase name="genderDetails" time="0.126" classname="pkg_mavenTestNg.SaucelabsAutomationTestNGTest"/>
  <system-out/>
  <testcase name="select_city" time="0.257" classname="pkg_mavenTestNg.SaucelabsAutomationTestNGTest"/>
  <system-out/>
  <testcase name="select_course" time="0.208" classname="pkg_mavenTestNg.SaucelabsAutomationTestNGTest"/>
  <system-out/>
  <testcase name="select_district" time="0.197" classname="pkg_mavenTestNg.SaucelabsAutomationTestNGTest"/>
  <system-out/>
  <testcase name="Addressdetails" time="1.245" classname="pkg_mavenTestNg.SaucelabsAutomationTestNGTest"/>
  <system-out/>
</testsuite> <!-- pkg_mavenTestNg.SaucelabsAutomationTestNGTest -->
