<?xml version="1.0" encoding="UTF-8"?>
<!-- Generated by org.testng.reporters.JUnitReportReporter -->
<testsuite skipped="0" hostname="LAPTOP-CTRLAISOFTWARE" name="pkg_mavenTestNg.SaucelabsAutomationTestNGTest" tests="7" failures="0" timestamp="2022-09-19T09:19:12 IST" time="2.282" errors="0">
  <testcase name="Login" time="0.985" classname="pkg_mavenTestNg.SaucelabsAutomationTestNGTest"/>
  <system-out/>
  <testcase name="personal_address" time="0.184" classname="pkg_mavenTestNg.SaucelabsAutomationTestNGTest"/>
  <system-out/>
  <testcase name="genderDetails" time="0.085" classname="pkg_mavenTestNg.SaucelabsAutomationTestNGTest"/>
  <system-out/>
  <testcase name="select_city" time="0.143" classname="pkg_mavenTestNg.SaucelabsAutomationTestNGTest"/>
  <system-out/>
  <testcase name="select_course" time="0.122" classname="pkg_mavenTestNg.SaucelabsAutomationTestNGTest"/>
  <system-out/>
  <testcase name="select_district" time="0.129" classname="pkg_mavenTestNg.SaucelabsAutomationTestNGTest"/>
  <system-out/>
  <testcase name="Addressdetails" time="0.634" classname="pkg_mavenTestNg.SaucelabsAutomationTestNGTest"/>
  <system-out/>
</testsuite> <!-- pkg_mavenTestNg.SaucelabsAutomationTestNGTest -->
