<?xml version="1.0" encoding="UTF-8"?>
<!-- Generated by org.testng.reporters.JUnitReportReporter -->
<testsuite skipped="0" hostname="LAPTOP-CTRLAISOFTWARE" name="pkg_mavenTestNg.sampleRegistration" tests="7" failures="0" timestamp="2022-09-19T09:19:12 IST" time="2.499" errors="0">
  <testcase name="Login" time="1.013" classname="pkg_mavenTestNg.sampleRegistration"/>
  <system-out/>
  <testcase name="personal_address" time="0.190" classname="pkg_mavenTestNg.sampleRegistration"/>
  <system-out/>
  <testcase name="genderDetails" time="0.086" classname="pkg_mavenTestNg.sampleRegistration"/>
  <system-out/>
  <testcase name="select_city" time="0.128" classname="pkg_mavenTestNg.sampleRegistration"/>
  <system-out/>
  <testcase name="select_course" time="0.124" classname="pkg_mavenTestNg.sampleRegistration"/>
  <system-out/>
  <testcase name="select_district" time="0.126" classname="pkg_mavenTestNg.sampleRegistration"/>
  <system-out/>
  <testcase name="Addressdetails" time="0.832" classname="pkg_mavenTestNg.sampleRegistration"/>
  <system-out/>
</testsuite> <!-- pkg_mavenTestNg.sampleRegistration -->
